生成启动时间为 2016/3/15 22:07:41。
     1>项目“D:\Project\exercise\exercise\exercise.vcxproj”在节点 2 上(build 个目标)。
     1>InitializeBuildStatus:
         正在创建“Debug\exercise.unsuccessfulbuild”，因为已指定“AlwaysCreate”。
       ClCompile:
         D:\program\VS2010\VC\bin\CL.exe /c /ZI /nologo /W3 /WX- /Od /Oy- /D WIN32 /D _DEBUG /D _CONSOLE /D _UNICODE /D UNICODE /Gm /EHsc /RTC1 /MDd /GS /fp:precise /Zc:wchar_t /Zc:forScope /Fo"Debug\\" /Fd"Debug\vc100.pdb" /Gd /TP /analyze- /errorReport:prompt exercise.cpp
         exercise.cpp
       ManifestResourceCompile:
         所有输出均为最新。
       Link:
         D:\program\VS2010\VC\bin\link.exe /ERRORREPORT:PROMPT /OUT:"D:\Project\exercise\Debug\exercise.exe" /INCREMENTAL /NOLOGO kernel32.lib user32.lib gdi32.lib winspool.lib comdlg32.lib advapi32.lib shell32.lib ole32.lib oleaut32.lib uuid.lib odbc32.lib odbccp32.lib /MANIFEST /ManifestFile:"Debug\exercise.exe.intermediate.manifest" /MANIFESTUAC:"level='asInvoker' uiAccess='false'" /DEBUG /PDB:"D:\Project\exercise\Debug\exercise.pdb" /SUBSYSTEM:CONSOLE /TLBID:1 /DYNAMICBASE /NXCOMPAT /IMPLIB:"D:\Project\exercise\Debug\exercise.lib" /MACHINE:X86 Debug\exercise.exe.embed.manifest.res
         Debug\exercise.obj
       Manifest:
         C:\Program Files (x86)\Microsoft SDKs\Windows\v7.0A\bin\mt.exe /nologo /verbose /out:"Debug\exercise.exe.embed.manifest" /manifest Debug\exercise.exe.intermediate.manifest
         所有输出均为最新。
       LinkEmbedManifest:
         所有输出均为最新。
         exercise.vcxproj -> D:\Project\exercise\Debug\exercise.exe
       FinalizeBuildStatus:
         正在删除文件“Debug\exercise.unsuccessfulbuild”。
         正在对“Debug\exercise.lastbuildstate”执行 Touch 任务。
     1>已完成生成项目“D:\Project\exercise\exercise\exercise.vcxproj”(build 个目标)的操作。

生成成功。

已用时间 00:00:00.70
